#
# There is insufficient memory for the Java Runtime Environment to continue.
# Native memory allocation (malloc) failed to allocate 32744 bytes for ChunkPool::allocate
# Possible reasons:
#   The system is out of physical RAM or swap space
#   The process is running with CompressedOops enabled, and the Java Heap may be blocking the growth of the native heap
# Possible solutions:
#   Reduce memory load on the system
#   Increase physical memory or swap space
#   Check if swap backing store is full
#   Decrease Java heap size (-Xmx/-Xms)
#   Decrease number of Java threads
#   Decrease Java thread stack sizes (-Xss)
#   Set larger code cache with -XX:ReservedCodeCacheSize=
#   JVM is running with Unscaled Compressed Oops mode in which the Java heap is
#     placed in the first 4GB address space. The Java Heap base address is the
#     maximum limit for the native heap growth. Please use -XX:HeapBaseMinAddress
#     to set the Java Heap base and to place the Java Heap above 4GB virtual address.
# This output file may be truncated or incomplete.
#
#  Out of Memory Error (./open/src/hotspot/share/memory/arena.cpp:81), pid=3388, tid=9256
#
# JRE version: Java(TM) SE Runtime Environment 18.9 (11.0.8+10) (build 11.0.8+10-LTS)
# Java VM: Java HotSpot(TM) 64-Bit Server VM 18.9 (11.0.8+10-LTS, mixed mode, tiered, compressed oops, g1 gc, windows-amd64)
# No core dump will be written. Minidumps are not enabled by default on client versions of Windows
#

---------------  S U M M A R Y ------------

Command Line: -Dmaven.home=C:/apache-maven-3.6.3 -Dmaven.multiModuleProjectDirectory=C:/repos/jgsu-spring-petclinic org.apache.maven.wrapper.MavenWrapperMain test

Host: Intel(R) Xeon(R) Platinum 8171M CPU @ 2.60GHz, 2 cores, 7G,  Windows 10 , 64 bit Build 18362 (10.0.18362.1110)
Time: Mon Dec  7 03:44:53 2020 Coordinated Universal Time elapsed time: 16 seconds (0d 0h 0m 16s)

---------------  T H R E A D  ---------------

Current thread (0x0000015b2d031000):  JavaThread "C2 CompilerThread0" daemon [_thread_in_native, id=9256, stack(0x0000005495c00000,0x0000005495d00000)]


Current CompileTask:
C2:  16365 6650       4       org.apache.maven.model.inheritance.DefaultInheritanceAssembler$InheritanceModelMerger::mergePluginContainer_Plugins (430 bytes)

Stack: [0x0000005495c00000,0x0000005495d00000]
Native frames: (J=compiled Java code, j=interpreted, Vv=VM code, C=native code)
V  [jvm.dll+0x601aea]
V  [jvm.dll+0x737fef]
V  [jvm.dll+0x739675]
V  [jvm.dll+0x739cf3]
V  [jvm.dll+0x242848]
V  [jvm.dll+0xb9bcb]
V  [jvm.dll+0xb9f2c]
V  [jvm.dll+0x3498e8]
V  [jvm.dll+0x348d91]
V  [jvm.dll+0x348dd4]
V  [jvm.dll+0x509c95]
V  [jvm.dll+0x50992f]
V  [jvm.dll+0x312032]
V  [jvm.dll+0x31134a]
V  [jvm.dll+0x1fc2e5]
V  [jvm.dll+0x1fb49f]
V  [jvm.dll+0x17e0fc]
V  [jvm.dll+0x20aaa4]
V  [jvm.dll+0x208b7b]
V  [jvm.dll+0x6ff90c]
V  [jvm.dll+0x6f845c]
V  [jvm.dll+0x600d66]
C  [ucrtbase.dll+0x210b2]
C  [KERNEL32.DLL+0x17c24]
C  [ntdll.dll+0x6d4d1]


---------------  P R O C E S S  ---------------

Threads class SMR info:
_java_thread_list=0x0000015b3249cdc0, length=11, elements={
0x0000015b0d069800, 0x0000015b2d012800, 0x0000015b2d01b800, 0x0000015b2d02d800,
0x0000015b2d030000, 0x0000015b2d031000, 0x0000015b2d035000, 0x0000015b2d042000,
0x0000015b2daf2000, 0x0000015b2dae6000, 0x0000015b2f517800
}

Java Threads: ( => current thread )
  0x0000015b0d069800 JavaThread "main" [_thread_in_vm, id=7464, stack(0x0000005495100000,0x0000005495200000)]
  0x0000015b2d012800 JavaThread "Reference Handler" daemon [_thread_blocked, id=5328, stack(0x0000005495800000,0x0000005495900000)]
  0x0000015b2d01b800 JavaThread "Finalizer" daemon [_thread_blocked, id=9104, stack(0x0000005495900000,0x0000005495a00000)]
  0x0000015b2d02d800 JavaThread "Signal Dispatcher" daemon [_thread_blocked, id=11736, stack(0x0000005495a00000,0x0000005495b00000)]
  0x0000015b2d030000 JavaThread "Attach Listener" daemon [_thread_blocked, id=9268, stack(0x0000005495b00000,0x0000005495c00000)]
=>0x0000015b2d031000 JavaThread "C2 CompilerThread0" daemon [_thread_in_native, id=9256, stack(0x0000005495c00000,0x0000005495d00000)]
  0x0000015b2d035000 JavaThread "C1 CompilerThread0" daemon [_thread_blocked, id=11348, stack(0x0000005495d00000,0x0000005495e00000)]
  0x0000015b2d042000 JavaThread "Sweeper thread" daemon [_thread_blocked, id=400, stack(0x0000005495e00000,0x0000005495f00000)]
  0x0000015b2daf2000 JavaThread "Service Thread" daemon [_thread_blocked, id=3424, stack(0x0000005495f00000,0x0000005496000000)]
  0x0000015b2dae6000 JavaThread "Common-Cleaner" daemon [_thread_blocked, id=9244, stack(0x0000005496100000,0x0000005496200000)]
  0x0000015b2f517800 JavaThread "JGit-WorkQueue" daemon [_thread_blocked, id=7148, stack(0x0000005496300000,0x0000005496400000)]

Other Threads:
  0x0000015b2d00f000 VMThread "VM Thread" [stack: 0x0000005495700000,0x0000005495800000] [id=7912]
  0x0000015b2daf5000 WatcherThread [stack: 0x0000005496000000,0x0000005496100000] [id=8076]
  0x0000015b0d07f800 GCTaskThread "GC Thread#0" [stack: 0x0000005495200000,0x0000005495300000] [id=6460]
  0x0000015b2dfcb000 GCTaskThread "GC Thread#1" [stack: 0x0000005496200000,0x0000005496300000] [id=4884]
  0x0000015b0d0b0800 ConcurrentGCThread "G1 Main Marker" [stack: 0x0000005495300000,0x0000005495400000] [id=1264]
  0x0000015b0d0b3800 ConcurrentGCThread "G1 Conc#0" [stack: 0x0000005495400000,0x0000005495500000] [id=8508]
  0x0000015b0d13c000 ConcurrentGCThread "G1 Refine#0" [stack: 0x0000005495500000,0x0000005495600000] [id=5672]
  0x0000015b0d13d800 ConcurrentGCThread "G1 Young RemSet Sampling" [stack: 0x0000005495600000,0x0000005495700000] [id=7720]

Threads with active compile tasks:
C2 CompilerThread0  16390 6650       4       org.apache.maven.model.inheritance.DefaultInheritanceAssembler$InheritanceModelMerger::mergePluginContainer_Plugins (430 bytes)

VM state:not at safepoint (normal execution)

VM Mutex/Monitor currently owned by a thread: None

Heap address: 0x0000000080000000, size: 2048 MB, Compressed Oops mode: 32-bit
Narrow klass base: 0x0000000000000000, Narrow klass shift: 3
Compressed class space size: 1073741824 Address: 0x0000000100000000

Heap:
 garbage-first heap   total 228352K, used 64512K [0x0000000080000000, 0x0000000100000000)
  region size 1024K, 45 young (46080K), 15 survivors (15360K)
 Metaspace       used 46703K, capacity 47726K, committed 47824K, reserved 1091584K
  class space    used 4799K, capacity 5223K, committed 5248K, reserved 1048576K
Heap Regions: E=young(eden), S=young(survivor), O=old, HS=humongous(starts), HC=humongous(continues), CS=collection set, F=free, A=archive, TAMS=top-at-mark-start (previous, next)
|   0|0x0000000080000000, 0x0000000080100000, 0x0000000080100000|100%| O|  |TAMS 0x0000000080100000, 0x0000000080000000| Untracked 
|   1|0x0000000080100000, 0x0000000080200000, 0x0000000080200000|100%| O|  |TAMS 0x0000000080200000, 0x0000000080100000| Untracked 
|   2|0x0000000080200000, 0x0000000080300000, 0x0000000080300000|100%| O|  |TAMS 0x0000000080300000, 0x0000000080200000| Untracked 
|   3|0x0000000080300000, 0x0000000080400000, 0x0000000080400000|100%| O|  |TAMS 0x0000000080400000, 0x0000000080300000| Untracked 
|   4|0x0000000080400000, 0x0000000080500000, 0x0000000080500000|100%| O|  |TAMS 0x0000000080500000, 0x0000000080400000| Untracked 
|   5|0x0000000080500000, 0x0000000080600000, 0x0000000080600000|100%| O|  |TAMS 0x0000000080600000, 0x0000000080500000| Untracked 
|   6|0x0000000080600000, 0x0000000080700000, 0x0000000080700000|100%| O|  |TAMS 0x0000000080700000, 0x0000000080600000| Untracked 
|   7|0x0000000080700000, 0x0000000080800000, 0x0000000080800000|100%| O|  |TAMS 0x0000000080800000, 0x0000000080700000| Untracked 
|   8|0x0000000080800000, 0x0000000080900000, 0x0000000080900000|100%| O|  |TAMS 0x0000000080900000, 0x0000000080800000| Untracked 
|   9|0x0000000080900000, 0x0000000080a00000, 0x0000000080a00000|100%| O|  |TAMS 0x0000000080a00000, 0x0000000080900000| Untracked 
|  10|0x0000000080a00000, 0x0000000080b00000, 0x0000000080b00000|100%| O|  |TAMS 0x0000000080b00000, 0x0000000080a00000| Untracked 
|  11|0x0000000080b00000, 0x0000000080c00000, 0x0000000080c00000|100%|HS|  |TAMS 0x0000000080c00000, 0x0000000080b00000| Complete 
|  12|0x0000000080c00000, 0x0000000080d00000, 0x0000000080d00000|100%| O|  |TAMS 0x0000000080d00000, 0x0000000080c00000| Untracked 
|  13|0x0000000080d00000, 0x0000000080e00000, 0x0000000080e00000|100%| O|  |TAMS 0x0000000080e00000, 0x0000000080d00000| Untracked 
|  14|0x0000000080e00000, 0x0000000080f00000, 0x0000000080f00000|100%| O|  |TAMS 0x0000000080f00000, 0x0000000080e00000| Untracked 
|  15|0x0000000080f00000, 0x0000000081000000, 0x0000000081000000|100%| O|  |TAMS 0x0000000081000000, 0x0000000080f00000| Untracked 
|  16|0x0000000081000000, 0x0000000081100000, 0x0000000081100000|100%| O|  |TAMS 0x0000000081100000, 0x0000000081000000| Untracked 
|  17|0x0000000081100000, 0x0000000081200000, 0x0000000081200000|100%| O|  |TAMS 0x0000000081200000, 0x0000000081100000| Untracked 
|  18|0x0000000081200000, 0x0000000081300000, 0x0000000081300000|100%| O|  |TAMS 0x0000000081300000, 0x0000000081200000| Untracked 
|  19|0x0000000081300000, 0x0000000081400000, 0x0000000081400000|100%| O|  |TAMS 0x0000000081400000, 0x0000000081300000| Untracked 
|  20|0x0000000081400000, 0x0000000081480000, 0x0000000081500000| 50%| O|  |TAMS 0x0000000081480000, 0x0000000081400000| Untracked 
|  21|0x0000000081500000, 0x0000000081500000, 0x0000000081600000|  0%| F|  |TAMS 0x0000000081500000, 0x0000000081500000| Untracked 
|  22|0x0000000081600000, 0x0000000081600000, 0x0000000081700000|  0%| F|  |TAMS 0x0000000081600000, 0x0000000081600000| Untracked 
|  23|0x0000000081700000, 0x0000000081700000, 0x0000000081800000|  0%| F|  |TAMS 0x0000000081700000, 0x0000000081700000| Untracked 
|  24|0x0000000081800000, 0x0000000081800000, 0x0000000081900000|  0%| F|  |TAMS 0x0000000081800000, 0x0000000081800000| Untracked 
|  25|0x0000000081900000, 0x0000000081900000, 0x0000000081a00000|  0%| F|  |TAMS 0x0000000081900000, 0x0000000081900000| Untracked 
|  26|0x0000000081a00000, 0x0000000081a00000, 0x0000000081b00000|  0%| F|  |TAMS 0x0000000081a00000, 0x0000000081a00000| Untracked 
|  27|0x0000000081b00000, 0x0000000081b00000, 0x0000000081c00000|  0%| F|  |TAMS 0x0000000081b00000, 0x0000000081b00000| Untracked 
|  28|0x0000000081c00000, 0x0000000081c00000, 0x0000000081d00000|  0%| F|  |TAMS 0x0000000081c00000, 0x0000000081c00000| Untracked 
|  29|0x0000000081d00000, 0x0000000081d00000, 0x0000000081e00000|  0%| F|  |TAMS 0x0000000081d00000, 0x0000000081d00000| Untracked 
|  30|0x0000000081e00000, 0x0000000081e00000, 0x0000000081f00000|  0%| F|  |TAMS 0x0000000081e00000, 0x0000000081e00000| Untracked 
|  31|0x0000000081f00000, 0x0000000081f00000, 0x0000000082000000|  0%| F|  |TAMS 0x0000000081f00000, 0x0000000081f00000| Untracked 
|  32|0x0000000082000000, 0x0000000082000000, 0x0000000082100000|  0%| F|  |TAMS 0x0000000082000000, 0x0000000082000000| Untracked 
|  33|0x0000000082100000, 0x0000000082100000, 0x0000000082200000|  0%| F|  |TAMS 0x0000000082100000, 0x0000000082100000| Untracked 
|  34|0x0000000082200000, 0x0000000082200000, 0x0000000082300000|  0%| F|  |TAMS 0x0000000082200000, 0x0000000082200000| Untracked 
|  35|0x0000000082300000, 0x0000000082300000, 0x0000000082400000|  0%| F|  |TAMS 0x0000000082300000, 0x0000000082300000| Untracked 
|  36|0x0000000082400000, 0x0000000082400000, 0x0000000082500000|  0%| F|  |TAMS 0x0000000082400000, 0x0000000082400000| Untracked 
|  37|0x0000000082500000, 0x0000000082500000, 0x0000000082600000|  0%| F|  |TAMS 0x0000000082500000, 0x0000000082500000| Untracked 
|  38|0x0000000082600000, 0x0000000082600000, 0x0000000082700000|  0%| F|  |TAMS 0x0000000082600000, 0x0000000082600000| Untracked 
|  39|0x0000000082700000, 0x0000000082700000, 0x0000000082800000|  0%| F|  |TAMS 0x0000000082700000, 0x0000000082700000| Untracked 
|  40|0x0000000082800000, 0x0000000082800000, 0x0000000082900000|  0%| F|  |TAMS 0x0000000082800000, 0x0000000082800000| Untracked 
|  41|0x0000000082900000, 0x0000000082900000, 0x0000000082a00000|  0%| F|  |TAMS 0x0000000082900000, 0x0000000082900000| Untracked 
|  42|0x0000000082a00000, 0x0000000082a00000, 0x0000000082b00000|  0%| F|  |TAMS 0x0000000082a00000, 0x0000000082a00000| Untracked 
|  43|0x0000000082b00000, 0x0000000082b00000, 0x0000000082c00000|  0%| F|  |TAMS 0x0000000082b00000, 0x0000000082b00000| Untracked 
|  44|0x0000000082c00000, 0x0000000082c00000, 0x0000000082d00000|  0%| F|  |TAMS 0x0000000082c00000, 0x0000000082c00000| Untracked 
|  45|0x0000000082d00000, 0x0000000082d00000, 0x0000000082e00000|  0%| F|  |TAMS 0x0000000082d00000, 0x0000000082d00000| Untracked 
|  46|0x0000000082e00000, 0x0000000082e00000, 0x0000000082f00000|  0%| F|  |TAMS 0x0000000082e00000, 0x0000000082e00000| Untracked 
|  47|0x0000000082f00000, 0x0000000082f00000, 0x0000000083000000|  0%| F|  |TAMS 0x0000000082f00000, 0x0000000082f00000| Untracked 
|  48|0x0000000083000000, 0x0000000083000000, 0x0000000083100000|  0%| F|  |TAMS 0x0000000083000000, 0x0000000083000000| Untracked 
|  49|0x0000000083100000, 0x0000000083100000, 0x0000000083200000|  0%| F|  |TAMS 0x0000000083100000, 0x0000000083100000| Untracked 
|  50|0x0000000083200000, 0x0000000083200000, 0x0000000083300000|  0%| F|  |TAMS 0x0000000083200000, 0x0000000083200000| Untracked 
|  51|0x0000000083300000, 0x0000000083300000, 0x0000000083400000|  0%| F|  |TAMS 0x0000000083300000, 0x0000000083300000| Untracked 
|  52|0x0000000083400000, 0x0000000083400000, 0x0000000083500000|  0%| F|  |TAMS 0x0000000083400000, 0x0000000083400000| Untracked 
|  53|0x0000000083500000, 0x0000000083500000, 0x0000000083600000|  0%| F|  |TAMS 0x0000000083500000, 0x0000000083500000| Untracked 
|  54|0x0000000083600000, 0x0000000083600000, 0x0000000083700000|  0%| F|  |TAMS 0x0000000083600000, 0x0000000083600000| Untracked 
|  55|0x0000000083700000, 0x0000000083700000, 0x0000000083800000|  0%| F|  |TAMS 0x0000000083700000, 0x0000000083700000| Untracked 
|  56|0x0000000083800000, 0x0000000083800000, 0x0000000083900000|  0%| F|  |TAMS 0x0000000083800000, 0x0000000083800000| Untracked 
|  57|0x0000000083900000, 0x0000000083900000, 0x0000000083a00000|  0%| F|  |TAMS 0x0000000083900000, 0x0000000083900000| Untracked 
|  58|0x0000000083a00000, 0x0000000083a00000, 0x0000000083b00000|  0%| F|  |TAMS 0x0000000083a00000, 0x0000000083a00000| Untracked 
|  59|0x0000000083b00000, 0x0000000083b00000, 0x0000000083c00000|  0%| F|  |TAMS 0x0000000083b00000, 0x0000000083b00000| Untracked 
|  60|0x0000000083c00000, 0x0000000083c00000, 0x0000000083d00000|  0%| F|  |TAMS 0x0000000083c00000, 0x0000000083c00000| Untracked 
|  61|0x0000000083d00000, 0x0000000083d00000, 0x0000000083e00000|  0%| F|  |TAMS 0x0000000083d00000, 0x0000000083d00000| Untracked 
|  62|0x0000000083e00000, 0x0000000083e00000, 0x0000000083f00000|  0%| F|  |TAMS 0x0000000083e00000, 0x0000000083e00000| Untracked 
|  63|0x0000000083f00000, 0x0000000083f00000, 0x0000000084000000|  0%| F|  |TAMS 0x0000000083f00000, 0x0000000083f00000| Untracked 
|  64|0x0000000084000000, 0x0000000084000000, 0x0000000084100000|  0%| F|  |TAMS 0x0000000084000000, 0x0000000084000000| Untracked 
|  65|0x0000000084100000, 0x0000000084100000, 0x0000000084200000|  0%| F|  |TAMS 0x0000000084100000, 0x0000000084100000| Untracked 
|  66|0x0000000084200000, 0x0000000084200000, 0x0000000084300000|  0%| F|  |TAMS 0x0000000084200000, 0x0000000084200000| Untracked 
|  67|0x0000000084300000, 0x0000000084300000, 0x0000000084400000|  0%| F|  |TAMS 0x0000000084300000, 0x0000000084300000| Untracked 
|  68|0x0000000084400000, 0x0000000084400000, 0x0000000084500000|  0%| F|  |TAMS 0x0000000084400000, 0x0000000084400000| Untracked 
|  69|0x0000000084500000, 0x0000000084500000, 0x0000000084600000|  0%| F|  |TAMS 0x0000000084500000, 0x0000000084500000| Untracked 
|  70|0x0000000084600000, 0x0000000084600000, 0x0000000084700000|  0%| F|  |TAMS 0x0000000084600000, 0x0000000084600000| Untracked 
|  71|0x0000000084700000, 0x0000000084700000, 0x0000000084800000|  0%| F|  |TAMS 0x0000000084700000, 0x0000000084700000| Untracked 
|  72|0x0000000084800000, 0x0000000084800000, 0x0000000084900000|  0%| F|  |TAMS 0x0000000084800000, 0x0000000084800000| Untracked 
|  73|0x0000000084900000, 0x0000000084900000, 0x0000000084a00000|  0%| F|  |TAMS 0x0000000084900000, 0x0000000084900000| Untracked 
|  74|0x0000000084a00000, 0x0000000084a00000, 0x0000000084b00000|  0%| F|  |TAMS 0x0000000084a00000, 0x0000000084a00000| Untracked 
|  75|0x0000000084b00000, 0x0000000084b00000, 0x0000000084c00000|  0%| F|  |TAMS 0x0000000084b00000, 0x0000000084b00000| Untracked 
|  76|0x0000000084c00000, 0x0000000084c00000, 0x0000000084d00000|  0%| F|  |TAMS 0x0000000084c00000, 0x0000000084c00000| Untracked 
|  77|0x0000000084d00000, 0x0000000084d00000, 0x0000000084e00000|  0%| F|  |TAMS 0x0000000084d00000, 0x0000000084d00000| Untracked 
|  78|0x0000000084e00000, 0x0000000084e00000, 0x0000000084f00000|  0%| F|  |TAMS 0x0000000084e00000, 0x0000000084e00000| Untracked 
|  79|0x0000000084f00000, 0x0000000084f00000, 0x0000000085000000|  0%| F|  |TAMS 0x0000000084f00000, 0x0000000084f00000| Untracked 
|  80|0x0000000085000000, 0x0000000085000000, 0x0000000085100000|  0%| F|  |TAMS 0x0000000085000000, 0x0000000085000000| Untracked 
|  81|0x0000000085100000, 0x0000000085100000, 0x0000000085200000|  0%| F|  |TAMS 0x0000000085100000, 0x0000000085100000| Untracked 
|  82|0x0000000085200000, 0x0000000085200000, 0x0000000085300000|  0%| F|  |TAMS 0x0000000085200000, 0x0000000085200000| Untracked 
|  83|0x0000000085300000, 0x0000000085300000, 0x0000000085400000|  0%| F|  |TAMS 0x0000000085300000, 0x0000000085300000| Untracked 
|  84|0x0000000085400000, 0x0000000085400000, 0x0000000085500000|  0%| F|  |TAMS 0x0000000085400000, 0x0000000085400000| Untracked 
|  85|0x0000000085500000, 0x0000000085500000, 0x0000000085600000|  0%| F|  |TAMS 0x0000000085500000, 0x0000000085500000| Untracked 
|  86|0x0000000085600000, 0x0000000085600000, 0x0000000085700000|  0%| F|  |TAMS 0x0000000085600000, 0x0000000085600000| Untracked 
|  87|0x0000000085700000, 0x0000000085700000, 0x0000000085800000|  0%| F|  |TAMS 0x0000000085700000, 0x0000000085700000| Untracked 
|  88|0x0000000085800000, 0x0000000085880000, 0x0000000085900000| 50%| S|CS|TAMS 0x0000000085800000, 0x0000000085800000| Complete 
|  89|0x0000000085900000, 0x0000000085a00000, 0x0000000085a00000|100%| S|CS|TAMS 0x0000000085900000, 0x0000000085900000| Complete 
|  90|0x0000000085a00000, 0x0000000085b00000, 0x0000000085b00000|100%| S|CS|TAMS 0x0000000085a00000, 0x0000000085a00000| Complete 
|  91|0x0000000085b00000, 0x0000000085c00000, 0x0000000085c00000|100%| S|CS|TAMS 0x0000000085b00000, 0x0000000085b00000| Complete 
|  92|0x0000000085c00000, 0x0000000085d00000, 0x0000000085d00000|100%| S|CS|TAMS 0x0000000085c00000, 0x0000000085c00000| Complete 
|  93|0x0000000085d00000, 0x0000000085e00000, 0x0000000085e00000|100%| S|CS|TAMS 0x0000000085d00000, 0x0000000085d00000| Complete 
|  94|0x0000000085e00000, 0x0000000085f00000, 0x0000000085f00000|100%| S|CS|TAMS 0x0000000085e00000, 0x0000000085e00000| Complete 
|  95|0x0000000085f00000, 0x0000000086000000, 0x0000000086000000|100%| S|CS|TAMS 0x0000000085f00000, 0x0000000085f00000| Complete 
|  96|0x0000000086000000, 0x0000000086100000, 0x0000000086100000|100%| S|CS|TAMS 0x0000000086000000, 0x0000000086000000| Complete 
|  97|0x0000000086100000, 0x0000000086200000, 0x0000000086200000|100%| S|CS|TAMS 0x0000000086100000, 0x0000000086100000| Complete 
|  98|0x0000000086200000, 0x0000000086300000, 0x0000000086300000|100%| S|CS|TAMS 0x0000000086200000, 0x0000000086200000| Complete 
|  99|0x0000000086300000, 0x0000000086400000, 0x0000000086400000|100%| S|CS|TAMS 0x0000000086300000, 0x0000000086300000| Complete 
| 100|0x0000000086400000, 0x0000000086500000, 0x0000000086500000|100%| S|CS|TAMS 0x0000000086400000, 0x0000000086400000| Complete 
| 101|0x0000000086500000, 0x0000000086600000, 0x0000000086600000|100%| S|CS|TAMS 0x0000000086500000, 0x0000000086500000| Complete 
| 102|0x0000000086600000, 0x0000000086700000, 0x0000000086700000|100%| S|CS|TAMS 0x0000000086600000, 0x0000000086600000| Complete 
| 103|0x0000000086700000, 0x0000000086700000, 0x0000000086800000|  0%| F|  |TAMS 0x0000000086700000, 0x0000000086700000| Untracked 
| 104|0x0000000086800000, 0x0000000086800000, 0x0000000086900000|  0%| F|  |TAMS 0x0000000086800000, 0x0000000086800000| Untracked 
| 105|0x0000000086900000, 0x0000000086900000, 0x0000000086a00000|  0%| F|  |TAMS 0x0000000086900000, 0x0000000086900000| Untracked 
| 106|0x0000000086a00000, 0x0000000086a00000, 0x0000000086b00000|  0%| F|  |TAMS 0x0000000086a00000, 0x0000000086a00000| Untracked 
| 107|0x0000000086b00000, 0x0000000086b00000, 0x0000000086c00000|  0%| F|  |TAMS 0x0000000086b00000, 0x0000000086b00000| Untracked 
| 108|0x0000000086c00000, 0x0000000086c00000, 0x0000000086d00000|  0%| F|  |TAMS 0x0000000086c00000, 0x0000000086c00000| Untracked 
| 109|0x0000000086d00000, 0x0000000086d00000, 0x0000000086e00000|  0%| F|  |TAMS 0x0000000086d00000, 0x0000000086d00000| Untracked 
| 110|0x0000000086e00000, 0x0000000086e00000, 0x0000000086f00000|  0%| F|  |TAMS 0x0000000086e00000, 0x0000000086e00000| Untracked 
| 111|0x0000000086f00000, 0x0000000086f00000, 0x0000000087000000|  0%| F|  |TAMS 0x0000000086f00000, 0x0000000086f00000| Untracked 
| 112|0x0000000087000000, 0x0000000087000000, 0x0000000087100000|  0%| F|  |TAMS 0x0000000087000000, 0x0000000087000000| Untracked 
| 113|0x0000000087100000, 0x0000000087100000, 0x0000000087200000|  0%| F|  |TAMS 0x0000000087100000, 0x0000000087100000| Untracked 
| 114|0x0000000087200000, 0x0000000087200000, 0x0000000087300000|  0%| F|  |TAMS 0x0000000087200000, 0x0000000087200000| Untracked 
| 115|0x0000000087300000, 0x0000000087300000, 0x0000000087400000|  0%| F|  |TAMS 0x0000000087300000, 0x0000000087300000| Untracked 
| 116|0x0000000087400000, 0x0000000087400000, 0x0000000087500000|  0%| F|  |TAMS 0x0000000087400000, 0x0000000087400000| Untracked 
| 117|0x0000000087500000, 0x0000000087500000, 0x0000000087600000|  0%| F|  |TAMS 0x0000000087500000, 0x0000000087500000| Untracked 
| 118|0x0000000087600000, 0x0000000087600000, 0x0000000087700000|  0%| F|  |TAMS 0x0000000087600000, 0x0000000087600000| Untracked 
| 119|0x0000000087700000, 0x0000000087700000, 0x0000000087800000|  0%| F|  |TAMS 0x0000000087700000, 0x0000000087700000| Untracked 
| 120|0x0000000087800000, 0x0000000087800000, 0x0000000087900000|  0%| F|  |TAMS 0x0000000087800000, 0x0000000087800000| Untracked 
| 121|0x0000000087900000, 0x0000000087900000, 0x0000000087a00000|  0%| F|  |TAMS 0x0000000087900000, 0x0000000087900000| Untracked 
| 122|0x0000000087a00000, 0x0000000087a00000, 0x0000000087b00000|  0%| F|  |TAMS 0x0000000087a00000, 0x0000000087a00000| Untracked 
| 123|0x0000000087b00000, 0x0000000087b00000, 0x0000000087c00000|  0%| F|  |TAMS 0x0000000087b00000, 0x0000000087b00000| Untracked 
| 124|0x0000000087c00000, 0x0000000087c00000, 0x0000000087d00000|  0%| F|  |TAMS 0x0000000087c00000, 0x0000000087c00000| Untracked 
| 125|0x0000000087d00000, 0x0000000087d00000, 0x0000000087e00000|  0%| F|  |TAMS 0x0000000087d00000, 0x0000000087d00000| Untracked 
| 126|0x0000000087e00000, 0x0000000087e00000, 0x0000000087f00000|  0%| F|  |TAMS 0x0000000087e00000, 0x0000000087e00000| Untracked 
| 127|0x0000000087f00000, 0x0000000087f00000, 0x0000000088000000|  0%| F|  |TAMS 0x0000000087f00000, 0x0000000087f00000| Untracked 
| 128|0x0000000088000000, 0x0000000088000000, 0x0000000088100000|  0%| F|  |TAMS 0x0000000088000000, 0x0000000088000000| Untracked 
| 129|0x0000000088100000, 0x0000000088100000, 0x0000000088200000|  0%| F|  |TAMS 0x0000000088100000, 0x0000000088100000| Untracked 
| 130|0x0000000088200000, 0x0000000088200000, 0x0000000088300000|  0%| F|  |TAMS 0x0000000088200000, 0x0000000088200000| Untracked 
| 131|0x0000000088300000, 0x0000000088300000, 0x0000000088400000|  0%| F|  |TAMS 0x0000000088300000, 0x0000000088300000| Untracked 
| 132|0x0000000088400000, 0x0000000088400000, 0x0000000088500000|  0%| F|  |TAMS 0x0000000088400000, 0x0000000088400000| Untracked 
| 133|0x0000000088500000, 0x0000000088500000, 0x0000000088600000|  0%| F|  |TAMS 0x0000000088500000, 0x0000000088500000| Untracked 
| 134|0x0000000088600000, 0x0000000088600000, 0x0000000088700000|  0%| F|  |TAMS 0x0000000088600000, 0x0000000088600000| Untracked 
| 135|0x0000000088700000, 0x0000000088700000, 0x0000000088800000|  0%| F|  |TAMS 0x0000000088700000, 0x0000000088700000| Untracked 
| 136|0x0000000088800000, 0x0000000088800000, 0x0000000088900000|  0%| F|  |TAMS 0x0000000088800000, 0x0000000088800000| Untracked 
| 137|0x0000000088900000, 0x0000000088900000, 0x0000000088a00000|  0%| F|  |TAMS 0x0000000088900000, 0x0000000088900000| Untracked 
| 138|0x0000000088a00000, 0x0000000088a00000, 0x0000000088b00000|  0%| F|  |TAMS 0x0000000088a00000, 0x0000000088a00000| Untracked 
| 139|0x0000000088b00000, 0x0000000088b00000, 0x0000000088c00000|  0%| F|  |TAMS 0x0000000088b00000, 0x0000000088b00000| Untracked 
| 140|0x0000000088c00000, 0x0000000088c00000, 0x0000000088d00000|  0%| F|  |TAMS 0x0000000088c00000, 0x0000000088c00000| Untracked 
| 141|0x0000000088d00000, 0x0000000088d00000, 0x0000000088e00000|  0%| F|  |TAMS 0x0000000088d00000, 0x0000000088d00000| Untracked 
| 142|0x0000000088e00000, 0x0000000088e00000, 0x0000000088f00000|  0%| F|  |TAMS 0x0000000088e00000, 0x0000000088e00000| Untracked 
| 143|0x0000000088f00000, 0x0000000088f00000, 0x0000000089000000|  0%| F|  |TAMS 0x0000000088f00000, 0x0000000088f00000| Untracked 
| 144|0x0000000089000000, 0x0000000089000000, 0x0000000089100000|  0%| F|  |TAMS 0x0000000089000000, 0x0000000089000000| Untracked 
| 145|0x0000000089100000, 0x0000000089100000, 0x0000000089200000|  0%| F|  |TAMS 0x0000000089100000, 0x0000000089100000| Untracked 
| 146|0x0000000089200000, 0x0000000089200000, 0x0000000089300000|  0%| F|  |TAMS 0x0000000089200000, 0x0000000089200000| Untracked 
| 147|0x0000000089300000, 0x0000000089300000, 0x0000000089400000|  0%| F|  |TAMS 0x0000000089300000, 0x0000000089300000| Untracked 
| 148|0x0000000089400000, 0x0000000089400000, 0x0000000089500000|  0%| F|  |TAMS 0x0000000089400000, 0x0000000089400000| Untracked 
| 149|0x0000000089500000, 0x0000000089500000, 0x0000000089600000|  0%| F|  |TAMS 0x0000000089500000, 0x0000000089500000| Untracked 
| 150|0x0000000089600000, 0x0000000089600000, 0x0000000089700000|  0%| F|  |TAMS 0x0000000089600000, 0x0000000089600000| Untracked 
| 151|0x0000000089700000, 0x0000000089700000, 0x0000000089800000|  0%| F|  |TAMS 0x0000000089700000, 0x0000000089700000| Untracked 
| 152|0x0000000089800000, 0x0000000089800000, 0x0000000089900000|  0%| F|  |TAMS 0x0000000089800000, 0x0000000089800000| Untracked 
| 153|0x0000000089900000, 0x0000000089900000, 0x0000000089a00000|  0%| F|  |TAMS 0x0000000089900000, 0x0000000089900000| Untracked 
| 154|0x0000000089a00000, 0x0000000089a00000, 0x0000000089b00000|  0%| F|  |TAMS 0x0000000089a00000, 0x0000000089a00000| Untracked 
| 155|0x0000000089b00000, 0x0000000089b00000, 0x0000000089c00000|  0%| F|  |TAMS 0x0000000089b00000, 0x0000000089b00000| Untracked 
| 156|0x0000000089c00000, 0x0000000089c00000, 0x0000000089d00000|  0%| F|  |TAMS 0x0000000089c00000, 0x0000000089c00000| Untracked 
| 157|0x0000000089d00000, 0x0000000089d00000, 0x0000000089e00000|  0%| F|  |TAMS 0x0000000089d00000, 0x0000000089d00000| Untracked 
| 158|0x0000000089e00000, 0x0000000089e00000, 0x0000000089f00000|  0%| F|  |TAMS 0x0000000089e00000, 0x0000000089e00000| Untracked 
| 159|0x0000000089f00000, 0x0000000089f00000, 0x000000008a000000|  0%| F|  |TAMS 0x0000000089f00000, 0x0000000089f00000| Untracked 
| 160|0x000000008a000000, 0x000000008a000000, 0x000000008a100000|  0%| F|  |TAMS 0x000000008a000000, 0x000000008a000000| Untracked 
| 161|0x000000008a100000, 0x000000008a100000, 0x000000008a200000|  0%| F|  |TAMS 0x000000008a100000, 0x000000008a100000| Untracked 
| 162|0x000000008a200000, 0x000000008a200000, 0x000000008a300000|  0%| F|  |TAMS 0x000000008a200000, 0x000000008a200000| Untracked 
| 163|0x000000008a300000, 0x000000008a300000, 0x000000008a400000|  0%| F|  |TAMS 0x000000008a300000, 0x000000008a300000| Untracked 
| 164|0x000000008a400000, 0x000000008a400000, 0x000000008a500000|  0%| F|  |TAMS 0x000000008a400000, 0x000000008a400000| Untracked 
| 165|0x000000008a500000, 0x000000008a500000, 0x000000008a600000|  0%| F|  |TAMS 0x000000008a500000, 0x000000008a500000| Untracked 
| 166|0x000000008a600000, 0x000000008a600000, 0x000000008a700000|  0%| F|  |TAMS 0x000000008a600000, 0x000000008a600000| Untracked 
| 167|0x000000008a700000, 0x000000008a700000, 0x000000008a800000|  0%| F|  |TAMS 0x000000008a700000, 0x000000008a700000| Untracked 
| 168|0x000000008a800000, 0x000000008a800000, 0x000000008a900000|  0%| F|  |TAMS 0x000000008a800000, 0x000000008a800000| Untracked 
| 169|0x000000008a900000, 0x000000008a900000, 0x000000008aa00000|  0%| F|  |TAMS 0x000000008a900000, 0x000000008a900000| Untracked 
| 170|0x000000008aa00000, 0x000000008aa00000, 0x000000008ab00000|  0%| F|  |TAMS 0x000000008aa00000, 0x000000008aa00000| Untracked 
| 171|0x000000008ab00000, 0x000000008ab00000, 0x000000008ac00000|  0%| F|  |TAMS 0x000000008ab00000, 0x000000008ab00000| Untracked 
| 172|0x000000008ac00000, 0x000000008ac00000, 0x000000008ad00000|  0%| F|  |TAMS 0x000000008ac00000, 0x000000008ac00000| Untracked 
| 173|0x000000008ad00000, 0x000000008ad00000, 0x000000008ae00000|  0%| F|  |TAMS 0x000000008ad00000, 0x000000008ad00000| Untracked 
| 174|0x000000008ae00000, 0x000000008ae00000, 0x000000008af00000|  0%| F|  |TAMS 0x000000008ae00000, 0x000000008ae00000| Untracked 
| 175|0x000000008af00000, 0x000000008af00000, 0x000000008b000000|  0%| F|  |TAMS 0x000000008af00000, 0x000000008af00000| Untracked 
| 176|0x000000008b000000, 0x000000008b000000, 0x000000008b100000|  0%| F|  |TAMS 0x000000008b000000, 0x000000008b000000| Untracked 
| 177|0x000000008b100000, 0x000000008b100000, 0x000000008b200000|  0%| F|  |TAMS 0x000000008b100000, 0x000000008b100000| Untracked 
| 178|0x000000008b200000, 0x000000008b200000, 0x000000008b300000|  0%| F|  |TAMS 0x000000008b200000, 0x000000008b200000| Untracked 
| 179|0x000000008b300000, 0x000000008b300000, 0x000000008b400000|  0%| F|  |TAMS 0x000000008b300000, 0x000000008b300000| Untracked 
| 180|0x000000008b400000, 0x000000008b400000, 0x000000008b500000|  0%| F|  |TAMS 0x000000008b400000, 0x000000008b400000| Untracked 
| 181|0x000000008b500000, 0x000000008b500000, 0x000000008b600000|  0%| F|  |TAMS 0x000000008b500000, 0x000000008b500000| Untracked 
| 182|0x000000008b600000, 0x000000008b600000, 0x000000008b700000|  0%| F|  |TAMS 0x000000008b600000, 0x000000008b600000| Untracked 
| 183|0x000000008b700000, 0x000000008b700000, 0x000000008b800000|  0%| F|  |TAMS 0x000000008b700000, 0x000000008b700000| Untracked 
| 184|0x000000008b800000, 0x000000008b800000, 0x000000008b900000|  0%| F|  |TAMS 0x000000008b800000, 0x000000008b800000| Untracked 
| 185|0x000000008b900000, 0x000000008b900000, 0x000000008ba00000|  0%| F|  |TAMS 0x000000008b900000, 0x000000008b900000| Untracked 
| 186|0x000000008ba00000, 0x000000008ba00000, 0x000000008bb00000|  0%| F|  |TAMS 0x000000008ba00000, 0x000000008ba00000| Untracked 
| 187|0x000000008bb00000, 0x000000008bb00000, 0x000000008bc00000|  0%| F|  |TAMS 0x000000008bb00000, 0x000000008bb00000| Untracked 
| 188|0x000000008bc00000, 0x000000008bc00000, 0x000000008bd00000|  0%| F|  |TAMS 0x000000008bc00000, 0x000000008bc00000| Untracked 
| 189|0x000000008bd00000, 0x000000008bd00000, 0x000000008be00000|  0%| F|  |TAMS 0x000000008bd00000, 0x000000008bd00000| Untracked 
| 190|0x000000008be00000, 0x000000008be00000, 0x000000008bf00000|  0%| F|  |TAMS 0x000000008be00000, 0x000000008be00000| Untracked 
| 191|0x000000008bf00000, 0x000000008bf00000, 0x000000008c000000|  0%| F|  |TAMS 0x000000008bf00000, 0x000000008bf00000| Untracked 
| 192|0x000000008c000000, 0x000000008c000000, 0x000000008c100000|  0%| F|  |TAMS 0x000000008c000000, 0x000000008c000000| Untracked 
| 193|0x000000008c100000, 0x000000008c180800, 0x000000008c200000| 50%| E|  |TAMS 0x000000008c100000, 0x000000008c100000| Complete 
| 194|0x000000008c200000, 0x000000008c300000, 0x000000008c300000|100%| E|CS|TAMS 0x000000008c200000, 0x000000008c200000| Complete 
| 195|0x000000008c300000, 0x000000008c400000, 0x000000008c400000|100%| E|CS|TAMS 0x000000008c300000, 0x000000008c300000| Complete 
| 196|0x000000008c400000, 0x000000008c500000, 0x000000008c500000|100%| E|CS|TAMS 0x000000008c400000, 0x000000008c400000| Complete 
| 197|0x000000008c500000, 0x000000008c600000, 0x000000008c600000|100%| E|CS|TAMS 0x000000008c500000, 0x000000008c500000| Complete 
| 198|0x000000008c600000, 0x000000008c700000, 0x000000008c700000|100%| E|CS|TAMS 0x000000008c600000, 0x000000008c600000| Complete 
| 199|0x000000008c700000, 0x000000008c800000, 0x000000008c800000|100%| E|CS|TAMS 0x000000008c700000, 0x000000008c700000| Complete 
| 200|0x000000008c800000, 0x000000008c900000, 0x000000008c900000|100%| E|  |TAMS 0x000000008c800000, 0x000000008c800000| Complete 
| 201|0x000000008c900000, 0x000000008ca00000, 0x000000008ca00000|100%| E|CS|TAMS 0x000000008c900000, 0x000000008c900000| Complete 
| 202|0x000000008ca00000, 0x000000008cb00000, 0x000000008cb00000|100%| E|CS|TAMS 0x000000008ca00000, 0x000000008ca00000| Complete 
| 203|0x000000008cb00000, 0x000000008cc00000, 0x000000008cc00000|100%| E|CS|TAMS 0x000000008cb00000, 0x000000008cb00000| Complete 
| 204|0x000000008cc00000, 0x000000008cd00000, 0x000000008cd00000|100%| E|CS|TAMS 0x000000008cc00000, 0x000000008cc00000| Complete 
| 205|0x000000008cd00000, 0x000000008ce00000, 0x000000008ce00000|100%| E|CS|TAMS 0x000000008cd00000, 0x000000008cd00000| Complete 
| 206|0x000000008ce00000, 0x000000008cf00000, 0x000000008cf00000|100%| E|CS|TAMS 0x000000008ce00000, 0x000000008ce00000| Complete 
| 207|0x000000008cf00000, 0x000000008d000000, 0x000000008d000000|100%| E|CS|TAMS 0x000000008cf00000, 0x000000008cf00000| Complete 
| 208|0x000000008d000000, 0x000000008d100000, 0x000000008d100000|100%| E|CS|TAMS 0x000000008d000000, 0x000000008d000000| Complete 
| 209|0x000000008d100000, 0x000000008d200000, 0x000000008d200000|100%| E|CS|TAMS 0x000000008d100000, 0x000000008d100000| Complete 
| 210|0x000000008d200000, 0x000000008d300000, 0x000000008d300000|100%| E|CS|TAMS 0x000000008d200000, 0x000000008d200000| Complete 
| 211|0x000000008d300000, 0x000000008d400000, 0x000000008d400000|100%| E|CS|TAMS 0x000000008d300000, 0x000000008d300000| Complete 
| 212|0x000000008d400000, 0x000000008d500000, 0x000000008d500000|100%| E|CS|TAMS 0x000000008d400000, 0x000000008d400000| Complete 
| 213|0x000000008d500000, 0x000000008d600000, 0x000000008d600000|100%| E|CS|TAMS 0x000000008d500000, 0x000000008d500000| Complete 
| 214|0x000000008d600000, 0x000000008d700000, 0x000000008d700000|100%| E|CS|TAMS 0x000000008d600000, 0x000000008d600000| Complete 
| 215|0x000000008d700000, 0x000000008d800000, 0x000000008d800000|100%| E|CS|TAMS 0x000000008d700000, 0x000000008d700000| Complete 
| 216|0x000000008d800000, 0x000000008d900000, 0x000000008d900000|100%| E|CS|TAMS 0x000000008d800000, 0x000000008d800000| Complete 
| 217|0x000000008d900000, 0x000000008da00000, 0x000000008da00000|100%| E|CS|TAMS 0x000000008d900000, 0x000000008d900000| Complete 
| 218|0x000000008da00000, 0x000000008db00000, 0x000000008db00000|100%| E|CS|TAMS 0x000000008da00000, 0x000000008da00000| Complete 
| 219|0x000000008db00000, 0x000000008dc00000, 0x000000008dc00000|100%| E|CS|TAMS 0x000000008db00000, 0x000000008db00000| Complete 
| 220|0x000000008dc00000, 0x000000008dd00000, 0x000000008dd00000|100%| E|CS|TAMS 0x000000008dc00000, 0x000000008dc00000| Complete 
| 221|0x000000008dd00000, 0x000000008de00000, 0x000000008de00000|100%| E|CS|TAMS 0x000000008dd00000, 0x000000008dd00000| Complete 
| 222|0x000000008de00000, 0x000000008df00000, 0x000000008df00000|100%| E|CS|TAMS 0x000000008de00000, 0x000000008de00000| Complete 

Card table byte_map: [0x0000015b26440000,0x0000015b26840000] _byte_map_base: 0x0000015b26040000

Marking Bits (Prev, Next): (CMBitMap*) 0x0000015b0d0a7858, (CMBitMap*) 0x0000015b0d0a7890
 Prev Bits: [0x0000015b26c40000, 0x0000015b28c40000)
 Next Bits: [0x0000015b28c40000, 0x0000015b2ac40000)

Polling page: 0x0000015b0ce80000

Metaspace:

Usage:
  Non-class:     41.51 MB capacity,    40.92 MB ( 99%) used,   514.34 KB (  1%) free+waste,    84.50 KB ( <1%) overhead. 
      Class:      5.10 MB capacity,     4.69 MB ( 92%) used,   387.48 KB (  7%) free+waste,    36.13 KB ( <1%) overhead. 
       Both:     46.61 MB capacity,    45.61 MB ( 98%) used,   901.82 KB (  2%) free+waste,   120.63 KB ( <1%) overhead. 

Virtual space:
  Non-class space:       42.00 MB reserved,      41.58 MB ( 99%) committed 
      Class space:        1.00 GB reserved,       5.13 MB ( <1%) committed 
             Both:        1.04 GB reserved,      46.70 MB (  4%) committed 

Chunk freelists:
   Non-Class:  1.13 KB
       Class:  3.13 KB
        Both:  4.25 KB

CodeHeap 'non-profiled nmethods': size=120064Kb used=2829Kb max_used=2829Kb free=117234Kb
 bounds [0x0000015b1e700000, 0x0000015b1e9d0000, 0x0000015b25c40000]
CodeHeap 'profiled nmethods': size=120000Kb used=14396Kb max_used=14396Kb free=105603Kb
 bounds [0x0000015b171d0000, 0x0000015b17ff0000, 0x0000015b1e700000]
CodeHeap 'non-nmethods': size=5696Kb used=1211Kb max_used=1223Kb free=4484Kb
 bounds [0x0000015b16c40000, 0x0000015b16eb0000, 0x0000015b171d0000]
 total_blobs=6498 nmethods=5927 adapters=482
 compilation: enabled
              stopped_count=0, restarted_count=0
 full_count=0

Compilation events (10 events):
Event: 16.357 Thread 0x0000015b2d035000 6720       3       jdk.internal.org.objectweb.asm.MethodVisitor::visitInsn (16 bytes)
Event: 16.358 Thread 0x0000015b2d035000 nmethod 6720 0x0000015b17fe9b10 code [0x0000015b17fe9cc0, 0x0000015b17fe9f10]
Event: 16.358 Thread 0x0000015b2d035000 6721       3       jdk.internal.org.objectweb.asm.ClassWriter::visitEnd (1 bytes)
Event: 16.358 Thread 0x0000015b2d035000 nmethod 6721 0x0000015b179f3f90 code [0x0000015b179f4120, 0x0000015b179f4278]
Event: 16.358 Thread 0x0000015b2d035000 6722       3       java.lang.invoke.ConstantCallSite::<init> (11 bytes)
Event: 16.359 Thread 0x0000015b2d035000 nmethod 6722 0x0000015b17fea010 code [0x0000015b17fea220, 0x0000015b17feaa50]
Event: 16.359 Thread 0x0000015b2d035000 6723       3       java.lang.invoke.ConstantCallSite::dynamicInvoker (5 bytes)
Event: 16.359 Thread 0x0000015b2d035000 nmethod 6723 0x0000015b17fead90 code [0x0000015b17feaf40, 0x0000015b17feb210]
Event: 16.359 Thread 0x0000015b2d035000 6724       3       java.lang.invoke.Invokers::linkToTargetMethod (11 bytes)
Event: 16.360 Thread 0x0000015b2d035000 nmethod 6724 0x0000015b17feb310 code [0x0000015b17feb4c0, 0x0000015b17feb630]

GC Heap History (10 events):
Event: 4.579 GC heap before
{Heap before GC invocations=7 (full 0):
 garbage-first heap   total 157696K, used 52241K [0x0000000080000000, 0x0000000100000000)
  region size 1024K, 49 young (50176K), 6 survivors (6144K)
 Metaspace       used 21344K, capacity 21781K, committed 22064K, reserved 1069056K
  class space    used 2242K, capacity 2389K, committed 2432K, reserved 1048576K
}
Event: 4.617 GC heap after
{Heap after GC invocations=8 (full 0):
 garbage-first heap   total 157696K, used 14632K [0x0000000080000000, 0x0000000100000000)
  region size 1024K, 7 young (7168K), 7 survivors (7168K)
 Metaspace       used 21344K, capacity 21781K, committed 22064K, reserved 1069056K
  class space    used 2242K, capacity 2389K, committed 2432K, reserved 1048576K
}
Event: 6.470 GC heap before
{Heap before GC invocations=8 (full 0):
 garbage-first heap   total 157696K, used 68904K [0x0000000080000000, 0x0000000100000000)
  region size 1024K, 56 young (57344K), 7 survivors (7168K)
 Metaspace       used 23015K, capacity 23446K, committed 23728K, reserved 1071104K
  class space    used 2363K, capacity 2539K, committed 2560K, reserved 1048576K
}
Event: 6.502 GC heap after
{Heap after GC invocations=9 (full 0):
 garbage-first heap   total 157696K, used 21504K [0x0000000080000000, 0x0000000100000000)
  region size 1024K, 6 young (6144K), 6 survivors (6144K)
 Metaspace       used 23015K, capacity 23446K, committed 23728K, reserved 1071104K
  class space    used 2363K, capacity 2539K, committed 2560K, reserved 1048576K
}
Event: 8.643 GC heap before
{Heap before GC invocations=9 (full 0):
 garbage-first heap   total 157696K, used 78848K [0x0000000080000000, 0x0000000100000000)
  region size 1024K, 63 young (64512K), 6 survivors (6144K)
 Metaspace       used 31075K, capacity 31713K, committed 31920K, reserved 1077248K
  class space    used 3041K, capacity 3274K, committed 3328K, reserved 1048576K
}
Event: 8.667 GC heap after
{Heap after GC invocations=10 (full 0):
 garbage-first heap   total 228352K, used 23552K [0x0000000080000000, 0x0000000100000000)
  region size 1024K, 3 young (3072K), 3 survivors (3072K)
 Metaspace       used 31075K, capacity 31713K, committed 31920K, reserved 1077248K
  class space    used 3041K, capacity 3274K, committed 3328K, reserved 1048576K
}
Event: 11.017 GC heap before
{Heap before GC invocations=10 (full 0):
 garbage-first heap   total 228352K, used 97280K [0x0000000080000000, 0x0000000100000000)
  region size 1024K, 76 young (77824K), 3 survivors (3072K)
 Metaspace       used 35097K, capacity 35827K, committed 35920K, reserved 1081344K
  class space    used 3508K, capacity 3774K, committed 3840K, reserved 1048576K
}
Event: 11.037 GC heap after
{Heap after GC invocations=11 (full 0):
 garbage-first heap   total 228352K, used 28031K [0x0000000080000000, 0x0000000100000000)
  region size 1024K, 7 young (7168K), 7 survivors (7168K)
 Metaspace       used 35097K, capacity 35827K, committed 35920K, reserved 1081344K
  class space    used 3508K, capacity 3774K, committed 3840K, reserved 1048576K
}
Event: 15.687 GC heap before
{Heap before GC invocations=12 (full 0):
 garbage-first heap   total 228352K, used 144767K [0x0000000080000000, 0x0000000100000000)
  region size 1024K, 120 young (122880K), 7 survivors (7168K)
 Metaspace       used 45854K, capacity 46816K, committed 46928K, reserved 1091584K
  class space    used 4716K, capacity 5111K, committed 5120K, reserved 1048576K
}
Event: 15.719 GC heap after
{Heap after GC invocations=13 (full 0):
 garbage-first heap   total 228352K, used 35840K [0x0000000080000000, 0x0000000100000000)
  region size 1024K, 15 young (15360K), 15 survivors (15360K)
 Metaspace       used 45854K, capacity 46816K, committed 46928K, reserved 1091584K
  class space    used 4716K, capacity 5111K, committed 5120K, reserved 1048576K
}

Deoptimization events (10 events):
Event: 15.240 Thread 0x0000015b0d069800 Uncommon trap: reason=profile_predicate action=maybe_recompile pc=0x0000015b1e8ef40c method=java.util.regex.Pattern$SliceI.match(Ljava/util/regex/Matcher;ILjava/lang/CharSequence;)Z @ 18 c2
Event: 15.244 Thread 0x0000015b0d069800 Uncommon trap: reason=unstable_if action=reinterpret pc=0x0000015b1e90d4d8 method=java.util.HashMap.putVal(ILjava/lang/Object;Ljava/lang/Object;ZZ)Ljava/lang/Object; @ 162 c2
Event: 15.267 Thread 0x0000015b0d069800 Uncommon trap: reason=predicate action=maybe_recompile pc=0x0000015b1e9a5ec8 method=java.util.regex.Pattern$SliceI.match(Ljava/util/regex/Matcher;ILjava/lang/CharSequence;)Z @ 18 c2
Event: 15.371 Thread 0x0000015b0d069800 Uncommon trap: reason=unstable_if action=reinterpret pc=0x0000015b1e77b0b4 method=java.nio.Buffer.<init>(IIII)V @ 44 c2
Event: 15.374 Thread 0x0000015b0d069800 Uncommon trap: reason=unstable_if action=reinterpret pc=0x0000015b1e828f24 method=java.math.BigInteger.addOne([IIII)I @ 55 c2
Event: 15.570 Thread 0x0000015b0d069800 Uncommon trap: reason=unstable_if action=reinterpret pc=0x0000015b1e8dfab8 method=java.lang.CharacterDataLatin1.digit(II)I @ 7 c2
Event: 15.619 Thread 0x0000015b0d069800 Uncommon trap: reason=unstable_if action=reinterpret pc=0x0000015b1e9a7db8 method=java.util.regex.Pattern$Branch.match(Ljava/util/regex/Matcher;ILjava/lang/CharSequence;)Z @ 19 c2
Event: 15.619 Thread 0x0000015b0d069800 Uncommon trap: reason=unstable_if action=reinterpret pc=0x0000015b1e9a7db8 method=java.util.regex.Pattern$Branch.match(Ljava/util/regex/Matcher;ILjava/lang/CharSequence;)Z @ 19 c2
Event: 15.657 Thread 0x0000015b0d069800 Uncommon trap: reason=unstable_if action=reinterpret pc=0x0000015b1e86eb0c method=java.util.Properties$LineReader.readLine()I @ 318 c2
Event: 16.340 Thread 0x0000015b0d069800 Uncommon trap: reason=unstable_if action=reinterpret pc=0x0000015b1e9647d0 method=jdk.internal.org.objectweb.asm.Type.getArgumentsAndReturnSizes(Ljava/lang/String;)I @ 88 c2

Classes redefined (0 events):
No events

Internal exceptions (10 events):
Event: 15.615 Thread 0x0000015b0d069800 Exception <a 'sun/nio/fs/WindowsException'{0x0000000086927878}> (0x0000000086927878) thrown at [./open/src/hotspot/share/prims/jni.cpp, line 611]
Event: 15.615 Thread 0x0000015b0d069800 Exception <a 'java/io/FileNotFoundException'{0x0000000086927f08}> (0x0000000086927f08) thrown at [./open/src/hotspot/share/prims/jni.cpp, line 611]
Event: 15.615 Thread 0x0000015b0d069800 Exception <a 'sun/nio/fs/WindowsException'{0x0000000086928b58}> (0x0000000086928b58) thrown at [./open/src/hotspot/share/prims/jni.cpp, line 611]
Event: 15.616 Thread 0x0000015b0d069800 Exception <a 'java/io/FileNotFoundException'{0x00000000869291e8}> (0x00000000869291e8) thrown at [./open/src/hotspot/share/prims/jni.cpp, line 611]
Event: 15.616 Thread 0x0000015b0d069800 Exception <a 'sun/nio/fs/WindowsException'{0x0000000086929e78}> (0x0000000086929e78) thrown at [./open/src/hotspot/share/prims/jni.cpp, line 611]
Event: 15.616 Thread 0x0000015b0d069800 Exception <a 'java/io/FileNotFoundException'{0x000000008692a508}> (0x000000008692a508) thrown at [./open/src/hotspot/share/prims/jni.cpp, line 611]
Event: 15.616 Thread 0x0000015b0d069800 Exception <a 'sun/nio/fs/WindowsException'{0x000000008692b1b8}> (0x000000008692b1b8) thrown at [./open/src/hotspot/share/prims/jni.cpp, line 611]
Event: 15.616 Thread 0x0000015b0d069800 Exception <a 'java/io/FileNotFoundException'{0x000000008692b848}> (0x000000008692b848) thrown at [./open/src/hotspot/share/prims/jni.cpp, line 611]
Event: 15.619 Thread 0x0000015b0d069800 Exception <a 'sun/nio/fs/WindowsException'{0x00000000869414a0}> (0x00000000869414a0) thrown at [./open/src/hotspot/share/prims/jni.cpp, line 611]
Event: 15.619 Thread 0x0000015b0d069800 Exception <a 'java/io/FileNotFoundException'{0x0000000086941b30}> (0x0000000086941b30) thrown at [./open/src/hotspot/share/prims/jni.cpp, line 611]

Events (10 events):
Event: 16.360 loading class java/time/Instant$1
Event: 16.360 loading class java/time/Instant$1 done
Event: 16.360 loading class java/time/ZoneOffset
Event: 16.361 loading class java/time/ZoneOffset done
Event: 16.361 loading class java/time/LocalDateTime
Event: 16.361 loading class java/time/chrono/ChronoLocalDateTime
Event: 16.362 loading class java/time/chrono/ChronoLocalDateTime done
Event: 16.362 loading class java/time/LocalDateTime done
Event: 16.362 loading class java/time/LocalTime
Event: 16.363 loading class java/time/LocalTime done


Dynamic libraries:
0x00007ff7b0170000 - 0x00007ff7b017f000 	C:\Program Files\Java\jdk-11.0.8\bin\java.exe
0x00007ffadc280000 - 0x00007ffadc470000 	C:\WINDOWS\SYSTEM32\ntdll.dll
0x00007ffadab10000 - 0x00007ffadabc2000 	C:\WINDOWS\System32\KERNEL32.DLL
0x00007ffad9ff0000 - 0x00007ffada295000 	C:\WINDOWS\System32\KERNELBASE.dll
0x00007ffad9d50000 - 0x00007ffad9e4a000 	C:\WINDOWS\System32\ucrtbase.dll
0x00007ffabf790000 - 0x00007ffabf7a8000 	C:\Program Files\Java\jdk-11.0.8\bin\jli.dll
0x00007ffadb990000 - 0x00007ffadba33000 	C:\WINDOWS\System32\ADVAPI32.dll
0x00007ffadb200000 - 0x00007ffadb29e000 	C:\WINDOWS\System32\msvcrt.dll
0x00007ffadac80000 - 0x00007ffadad17000 	C:\WINDOWS\System32\sechost.dll
0x00007ffada340000 - 0x00007ffada460000 	C:\WINDOWS\System32\RPCRT4.dll
0x00007ffada8e0000 - 0x00007ffadaa74000 	C:\WINDOWS\System32\USER32.dll
0x00007ffad94e0000 - 0x00007ffad9501000 	C:\WINDOWS\System32\win32u.dll
0x00007ffadba40000 - 0x00007ffadba66000 	C:\WINDOWS\System32\GDI32.dll
0x00007ffad9e50000 - 0x00007ffad9fe6000 	C:\WINDOWS\System32\gdi32full.dll
0x00007ffad9440000 - 0x00007ffad94de000 	C:\WINDOWS\System32\msvcp_win.dll
0x00007ffac5c10000 - 0x00007ffac5c25000 	C:\Program Files\Java\jdk-11.0.8\bin\VCRUNTIME140.dll
0x00007ffac73f0000 - 0x00007ffac7674000 	C:\WINDOWS\WinSxS\amd64_microsoft.windows.common-controls_6595b64144ccf1df_6.0.18362.1198_none_9e820b57e45ad92f\COMCTL32.dll
0x00007ffadbe10000 - 0x00007ffadc145000 	C:\WINDOWS\System32\combase.dll
0x00007ffad93c0000 - 0x00007ffad9440000 	C:\WINDOWS\System32\bcryptPrimitives.dll
0x00007fface240000 - 0x00007fface24a000 	C:\WINDOWS\SYSTEM32\VERSION.dll
0x00007ffada480000 - 0x00007ffada4ae000 	C:\WINDOWS\System32\IMM32.DLL
0x00007ffab3d20000 - 0x00007ffab3dbb000 	C:\Program Files\Java\jdk-11.0.8\bin\msvcp140.dll
0x00007ffaa8980000 - 0x00007ffaa9466000 	C:\Program Files\Java\jdk-11.0.8\bin\server\jvm.dll
0x00007ffada330000 - 0x00007ffada338000 	C:\WINDOWS\System32\PSAPI.DLL
0x00007ffad7210000 - 0x00007ffad7234000 	C:\WINDOWS\SYSTEM32\WINMM.dll
0x00007ffac8360000 - 0x00007ffac8369000 	C:\WINDOWS\SYSTEM32\WSOCK32.dll
0x00007ffad71e0000 - 0x00007ffad720d000 	C:\WINDOWS\SYSTEM32\WINMMBASE.dll
0x00007ffad9220000 - 0x00007ffad926a000 	C:\WINDOWS\System32\cfgmgr32.dll
0x00007ffadad20000 - 0x00007ffadad8f000 	C:\WINDOWS\System32\WS2_32.dll
0x00007ffad9170000 - 0x00007ffad9181000 	C:\WINDOWS\System32\kernel.appcore.dll
0x00007ffac5c70000 - 0x00007ffac5c80000 	C:\Program Files\Java\jdk-11.0.8\bin\verify.dll
0x00007ffac7680000 - 0x00007ffac7874000 	C:\WINDOWS\SYSTEM32\DBGHELP.DLL
0x00007ffac8f10000 - 0x00007ffac8f3a000 	C:\WINDOWS\SYSTEM32\dbgcore.DLL
0x00007ffabefd0000 - 0x00007ffabeff8000 	C:\Program Files\Java\jdk-11.0.8\bin\java.dll
0x00007ffac5c00000 - 0x00007ffac5c0a000 	C:\Program Files\Java\jdk-11.0.8\bin\jimage.dll
0x00007ffabefb0000 - 0x00007ffabefc6000 	C:\Program Files\Java\jdk-11.0.8\bin\zip.dll
0x00007ffadb2a0000 - 0x00007ffadb987000 	C:\WINDOWS\System32\SHELL32.dll
0x00007ffadba70000 - 0x00007ffadbb19000 	C:\WINDOWS\System32\shcore.dll
0x00007ffad9510000 - 0x00007ffad9c91000 	C:\WINDOWS\System32\windows.storage.dll
0x00007ffad9140000 - 0x00007ffad9163000 	C:\WINDOWS\System32\profapi.dll
0x00007ffad91b0000 - 0x00007ffad91fa000 	C:\WINDOWS\System32\powrprof.dll
0x00007ffad9130000 - 0x00007ffad9140000 	C:\WINDOWS\System32\UMPDC.dll
0x00007ffada4b0000 - 0x00007ffada502000 	C:\WINDOWS\System32\shlwapi.dll
0x00007ffad9200000 - 0x00007ffad9217000 	C:\WINDOWS\System32\cryptsp.dll
0x00007ffabf330000 - 0x00007ffabf349000 	C:\Program Files\Java\jdk-11.0.8\bin\net.dll
0x00007ffad1110000 - 0x00007ffad1200000 	C:\WINDOWS\SYSTEM32\WINHTTP.dll
0x00007ffad88d0000 - 0x00007ffad8937000 	C:\WINDOWS\system32\mswsock.dll
0x00007ffabeee0000 - 0x00007ffabeef2000 	C:\Program Files\Java\jdk-11.0.8\bin\nio.dll
0x00007ffad8450000 - 0x00007ffad8483000 	C:\WINDOWS\system32\rsaenh.dll
0x00007ffada2a0000 - 0x00007ffada2c6000 	C:\WINDOWS\System32\bcrypt.dll
0x00007ffad9050000 - 0x00007ffad9075000 	C:\WINDOWS\SYSTEM32\USERENV.dll
0x00007ffad8a50000 - 0x00007ffad8a5c000 	C:\WINDOWS\SYSTEM32\CRYPTBASE.dll
0x00007ffad85f0000 - 0x00007ffad862a000 	C:\WINDOWS\SYSTEM32\IPHLPAPI.DLL
0x00007ffadc150000 - 0x00007ffadc158000 	C:\WINDOWS\System32\NSI.dll
0x00007ffad09f0000 - 0x00007ffad0a06000 	C:\WINDOWS\SYSTEM32\dhcpcsvc6.DLL
0x00007ffad0910000 - 0x00007ffad092c000 	C:\WINDOWS\SYSTEM32\dhcpcsvc.DLL
0x00007ffad8630000 - 0x00007ffad86fb000 	C:\WINDOWS\SYSTEM32\DNSAPI.dll
0x00007ffac1540000 - 0x00007ffac154a000 	C:\Users\bode.olushi\AppData\Local\Temp\jansi-1.17.1-10414232183975954368.dll
0x00007ffab3ec0000 - 0x00007ffab3ee5000 	C:\Program Files\Java\jdk-11.0.8\bin\sunec.dll
0x00007fface210000 - 0x00007fface21a000 	C:\Windows\System32\rasadhlp.dll
0x00007ffad0400000 - 0x00007ffad0477000 	C:\WINDOWS\System32\fwpuclnt.dll
0x00007ffacaa00000 - 0x00007ffacaa0d000 	C:\Program Files\Java\jdk-11.0.8\bin\sunmscapi.dll
0x00007ffad9270000 - 0x00007ffad93b9000 	C:\WINDOWS\System32\CRYPT32.dll
0x00007ffad9190000 - 0x00007ffad91a2000 	C:\WINDOWS\System32\MSASN1.dll
0x00007ffad8b50000 - 0x00007ffad8b76000 	C:\WINDOWS\SYSTEM32\ncrypt.dll
0x00007ffad8b10000 - 0x00007ffad8b4b000 	C:\WINDOWS\SYSTEM32\NTASN1.dll
0x00007ffabcbb0000 - 0x00007ffabcbc6000 	C:\WINDOWS\system32\napinsp.dll
0x00007ffabcb90000 - 0x00007ffabcbaa000 	C:\WINDOWS\system32\pnrpnsp.dll
0x00007ffabcb80000 - 0x00007ffabcb8e000 	C:\WINDOWS\System32\winrnr.dll
0x00007ffad4dd0000 - 0x00007ffad4dec000 	C:\WINDOWS\system32\NLAapi.dll
0x00007ffabc810000 - 0x00007ffabc825000 	C:\WINDOWS\system32\wshbth.dll

dbghelp: loaded successfully - version: 4.0.5 - missing functions: none
symbol engine: initialized successfully - sym options: 0x614 - pdb path: .;C:\Program Files\Java\jdk-11.0.8\bin;C:\WINDOWS\SYSTEM32;C:\WINDOWS\WinSxS\amd64_microsoft.windows.common-controls_6595b64144ccf1df_6.0.18362.1198_none_9e820b57e45ad92f;C:\Program Files\Java\jdk-11.0.8\bin\server;C:\Users\bode.olushi\AppData\Local\Temp

VM Arguments:
jvm_args: -Dmaven.home=C:/apache-maven-3.6.3 -Dmaven.multiModuleProjectDirectory=C:/repos/jgsu-spring-petclinic 
java_command: org.apache.maven.wrapper.MavenWrapperMain test
java_class_path (initial): C:/repos/jgsu-spring-petclinic/.mvn/wrapper/maven-wrapper.jar
Launcher Type: SUN_STANDARD

[Global flags]
     intx CICompilerCount                          = 2                                         {product} {ergonomic}
     uint ConcGCThreads                            = 1                                         {product} {ergonomic}
     uint G1ConcRefinementThreads                  = 2                                         {product} {ergonomic}
   size_t G1HeapRegionSize                         = 1048576                                   {product} {ergonomic}
    uintx GCDrainStackTargetSize                   = 64                                        {product} {ergonomic}
   size_t InitialHeapSize                          = 134217728                                 {product} {ergonomic}
   size_t MarkStackSize                            = 4194304                                   {product} {ergonomic}
   size_t MaxHeapSize                              = 2147483648                                {product} {ergonomic}
   size_t MaxNewSize                               = 1287651328                                {product} {ergonomic}
   size_t MinHeapDeltaBytes                        = 1048576                                   {product} {ergonomic}
    uintx NonNMethodCodeHeapSize                   = 5825164                                {pd product} {ergonomic}
    uintx NonProfiledCodeHeapSize                  = 122916538                              {pd product} {ergonomic}
    uintx ProfiledCodeHeapSize                     = 122916538                              {pd product} {ergonomic}
    uintx ReservedCodeCacheSize                    = 251658240                              {pd product} {ergonomic}
     bool SegmentedCodeCache                       = true                                      {product} {ergonomic}
     bool UseCompressedClassPointers               = true                                 {lp64_product} {ergonomic}
     bool UseCompressedOops                        = true                                 {lp64_product} {ergonomic}
     bool UseG1GC                                  = true                                      {product} {ergonomic}
     bool UseLargePagesIndividualAllocation        = false                                  {pd product} {ergonomic}

Logging:
Log output configuration:
 #0: stdout all=warning uptime,level,tags
 #1: stderr all=off uptime,level,tags

Environment Variables:
JAVA_HOME=C:/Program Files/Java/jdk-11.0.8
PATH=C:\Users\bode.olushi\bin;C:\Program Files\Git\mingw64\bin;C:\Program Files\Git\usr\local\bin;C:\Program Files\Git\usr\bin;C:\Program Files\Git\usr\bin;C:\Program Files\Git\mingw64\bin;C:\Program Files\Git\usr\bin;C:\Users\bode.olushi\bin;C:\Program Files\Common Files\Oracle\Java\javapath;C:\Program Files (x86)\Microsoft SDKs\Azure\CLI2\wbin;C:\WINDOWS\system32;C:\WINDOWS;C:\WINDOWS\System32\Wbem;C:\WINDOWS\System32\WindowsPowerShell\v1.0;C:\WINDOWS\System32\OpenSSH;C:\Program Files\Docker\Docker\resources\bin;C:\ProgramData\DockerDesktop\version-bin;C:\Program Files\Git\cmd;C:\HashiCorp\Vagrant\bin;C:\Program Files\Java\jdk-11.0.8\bin;C:\apache-maven-3.6.3\bin;C:\Users\bode.olushi\AppData\Local\Microsoft\WindowsApps;C:\Users\bode.olushi\AppData\Local\Programs\Microsoft VS Code\bin;C:\Users\bode.olushi\AppData\Local\atom\bin;C:\Program Files\Git\usr\bin\vendor_perl;C:\Program Files\Git\usr\bin\core_perl
USERNAME=bode.olushi
SHELL=C:\Program Files\Git\usr\bin\bash.exe
DISPLAY=needs-to-be-defined
OS=Windows_NT
PROCESSOR_IDENTIFIER=Intel64 Family 6 Model 85 Stepping 4, GenuineIntel



---------------  S Y S T E M  ---------------

OS: Windows 10 , 64 bit Build 18362 (10.0.18362.1110)
HyperV virtualization detected

CPU:total 2 (initial active 2) (1 cores per cpu, 2 threads per core) family 6 model 85 stepping 4, cmov, cx8, fxsr, mmx, sse, sse2, sse3, ssse3, sse4.1, sse4.2, popcnt, avx, avx2, aes, clmul, erms, rtm, 3dnowpref, lzcnt, ht, tsc, bmi1, bmi2, adx, fma

Memory: 4k page, system-wide physical 8191M (2113M free)
TotalPageFile size 10239M (AvailPageFile size 4M)
current process WorkingSet (physical memory assigned to process): 302M, peak: 302M
current process commit charge ("private bytes"): 397M, peak: 397M

vm_info: Java HotSpot(TM) 64-Bit Server VM (11.0.8+10-LTS) for windows-amd64 JRE (11.0.8+10-LTS), built on Jun 16 2020 05:53:08 by "mach5one" with unknown MS VC++:1916

END.
